2025-04-07 10:32:59,087 - edt-ingemedia - DEBUG - CM 1: Création avec 5 groupes
2025-04-07 10:32:59,087 - edt-ingemedia - DEBUG -   Groupe: DASI, effectif: 22
2025-04-07 10:32:59,087 - edt-ingemedia - DEBUG -   Groupe: ACNCC, effectif: 19
2025-04-07 10:32:59,087 - edt-ingemedia - DEBUG -   Groupe: CDE, effectif: 34
2025-04-07 10:32:59,087 - edt-ingemedia - DEBUG -   Groupe: DEDI, effectif: 43
2025-04-07 10:32:59,087 - edt-ingemedia - DEBUG -   Groupe: CINPM, effectif: 28
2025-04-07 10:32:59,088 - edt-ingemedia - DEBUG - CM 2: Création avec 5 groupes
2025-04-07 10:32:59,088 - edt-ingemedia - DEBUG -   Groupe: DASI, effectif: 22
2025-04-07 10:32:59,088 - edt-ingemedia - DEBUG -   Groupe: ACNCC, effectif: 19
2025-04-07 10:32:59,088 - edt-ingemedia - DEBUG -   Groupe: CDE, effectif: 34
2025-04-07 10:32:59,088 - edt-ingemedia - DEBUG -   Groupe: DEDI, effectif: 43
2025-04-07 10:32:59,088 - edt-ingemedia - DEBUG -   Groupe: CINPM, effectif: 28
2025-04-07 10:32:59,088 - edt-ingemedia - DEBUG - CM 3: Création avec 5 groupes
2025-04-07 10:32:59,088 - edt-ingemedia - DEBUG -   Groupe: DASI, effectif: 22
2025-04-07 10:32:59,088 - edt-ingemedia - DEBUG -   Groupe: ACNCC, effectif: 19
2025-04-07 10:32:59,088 - edt-ingemedia - DEBUG -   Groupe: CDE, effectif: 34
2025-04-07 10:32:59,089 - edt-ingemedia - DEBUG -   Groupe: DEDI, effectif: 43
2025-04-07 10:32:59,089 - edt-ingemedia - DEBUG -   Groupe: CINPM, effectif: 28
2025-04-07 10:32:59,089 - edt-ingemedia - DEBUG - CM 4: Création avec 5 groupes
2025-04-07 10:32:59,089 - edt-ingemedia - DEBUG -   Groupe: DASI, effectif: 22
2025-04-07 10:32:59,089 - edt-ingemedia - DEBUG -   Groupe: ACNCC, effectif: 19
2025-04-07 10:32:59,089 - edt-ingemedia - DEBUG -   Groupe: CDE, effectif: 34
2025-04-07 10:32:59,089 - edt-ingemedia - DEBUG -   Groupe: DEDI, effectif: 43
2025-04-07 10:32:59,089 - edt-ingemedia - DEBUG -   Groupe: CINPM, effectif: 28
2025-04-07 10:32:59,090 - edt-ingemedia - DEBUG - CM 5: Création avec 3 groupes
2025-04-07 10:32:59,090 - edt-ingemedia - DEBUG -   Groupe: DASI, effectif: 22
2025-04-07 10:32:59,090 - edt-ingemedia - DEBUG -   Groupe: CINPM, effectif: 28
2025-04-07 10:32:59,091 - edt-ingemedia - DEBUG -   Groupe: CDE, effectif: 34
2025-04-07 10:32:59,091 - edt-ingemedia - DEBUG - CM 7: Création avec 3 groupes
2025-04-07 10:32:59,091 - edt-ingemedia - DEBUG -   Groupe: DASI, effectif: 22
2025-04-07 10:32:59,091 - edt-ingemedia - DEBUG -   Groupe: CINPM, effectif: 28
2025-04-07 10:32:59,091 - edt-ingemedia - DEBUG -   Groupe: CDE, effectif: 34
2025-04-07 10:32:59,092 - edt-ingemedia - DEBUG - CM 9: Création avec 3 groupes
2025-04-07 10:32:59,092 - edt-ingemedia - DEBUG -   Groupe: DASI, effectif: 22
2025-04-07 10:32:59,092 - edt-ingemedia - DEBUG -   Groupe: CINPM, effectif: 28
2025-04-07 10:32:59,092 - edt-ingemedia - DEBUG -   Groupe: CDE, effectif: 34
2025-04-07 10:32:59,093 - edt-ingemedia - DEBUG - CM 11: Création avec 3 groupes
2025-04-07 10:32:59,093 - edt-ingemedia - DEBUG -   Groupe: DASI, effectif: 22
2025-04-07 10:32:59,093 - edt-ingemedia - DEBUG -   Groupe: CINPM, effectif: 28
2025-04-07 10:32:59,093 - edt-ingemedia - DEBUG -   Groupe: CDE, effectif: 34
2025-04-07 10:32:59,093 - edt-ingemedia - DEBUG - CM 12: Création avec 3 groupes
2025-04-07 10:32:59,094 - edt-ingemedia - DEBUG -   Groupe: DASI, effectif: 22
2025-04-07 10:32:59,094 - edt-ingemedia - DEBUG -   Groupe: CINPM, effectif: 28
2025-04-07 10:32:59,094 - edt-ingemedia - DEBUG -   Groupe: CDE, effectif: 34
2025-04-07 10:32:59,094 - edt-ingemedia - DEBUG - CM 13: Création avec 3 groupes
2025-04-07 10:32:59,094 - edt-ingemedia - DEBUG -   Groupe: DASI, effectif: 22
2025-04-07 10:32:59,094 - edt-ingemedia - DEBUG -   Groupe: CINPM, effectif: 28
2025-04-07 10:32:59,094 - edt-ingemedia - DEBUG -   Groupe: CDE, effectif: 34
2025-04-07 10:39:44,808 - edt-ingemedia - DEBUG - CM 1: Création avec 5 groupes
2025-04-07 10:39:44,809 - edt-ingemedia - DEBUG -   Groupe: DASI, effectif: 22
2025-04-07 10:39:44,809 - edt-ingemedia - DEBUG -   Groupe: ACNCC, effectif: 19
2025-04-07 10:39:44,809 - edt-ingemedia - DEBUG -   Groupe: CDE, effectif: 34
2025-04-07 10:39:44,809 - edt-ingemedia - DEBUG -   Groupe: DEDI, effectif: 43
2025-04-07 10:39:44,809 - edt-ingemedia - DEBUG -   Groupe: CINPM, effectif: 28
2025-04-07 10:39:44,810 - edt-ingemedia - DEBUG - CM 2: Création avec 5 groupes
2025-04-07 10:39:44,810 - edt-ingemedia - DEBUG -   Groupe: DASI, effectif: 22
2025-04-07 10:39:44,810 - edt-ingemedia - DEBUG -   Groupe: ACNCC, effectif: 19
2025-04-07 10:39:44,810 - edt-ingemedia - DEBUG -   Groupe: CDE, effectif: 34
2025-04-07 10:39:44,810 - edt-ingemedia - DEBUG -   Groupe: DEDI, effectif: 43
2025-04-07 10:39:44,810 - edt-ingemedia - DEBUG -   Groupe: CINPM, effectif: 28
2025-04-07 10:39:44,810 - edt-ingemedia - DEBUG - CM 3: Création avec 5 groupes
2025-04-07 10:39:44,810 - edt-ingemedia - DEBUG -   Groupe: DASI, effectif: 22
2025-04-07 10:39:44,810 - edt-ingemedia - DEBUG -   Groupe: ACNCC, effectif: 19
2025-04-07 10:39:44,810 - edt-ingemedia - DEBUG -   Groupe: CDE, effectif: 34
2025-04-07 10:39:44,810 - edt-ingemedia - DEBUG -   Groupe: DEDI, effectif: 43
2025-04-07 10:39:44,811 - edt-ingemedia - DEBUG -   Groupe: CINPM, effectif: 28
2025-04-07 10:39:44,811 - edt-ingemedia - DEBUG - CM 4: Création avec 5 groupes
2025-04-07 10:39:44,811 - edt-ingemedia - DEBUG -   Groupe: DASI, effectif: 22
2025-04-07 10:39:44,811 - edt-ingemedia - DEBUG -   Groupe: ACNCC, effectif: 19
2025-04-07 10:39:44,811 - edt-ingemedia - DEBUG -   Groupe: CDE, effectif: 34
2025-04-07 10:39:44,812 - edt-ingemedia - DEBUG -   Groupe: DEDI, effectif: 43
2025-04-07 10:39:44,812 - edt-ingemedia - DEBUG -   Groupe: CINPM, effectif: 28
2025-04-07 10:39:44,812 - edt-ingemedia - DEBUG - CM 5: Création avec 3 groupes
2025-04-07 10:39:44,812 - edt-ingemedia - DEBUG -   Groupe: DASI, effectif: 22
2025-04-07 10:39:44,813 - edt-ingemedia - DEBUG -   Groupe: CINPM, effectif: 28
2025-04-07 10:39:44,813 - edt-ingemedia - DEBUG -   Groupe: CDE, effectif: 34
2025-04-07 10:39:44,815 - edt-ingemedia - DEBUG - CM 7: Création avec 3 groupes
2025-04-07 10:39:44,816 - edt-ingemedia - DEBUG -   Groupe: DASI, effectif: 22
2025-04-07 10:39:44,816 - edt-ingemedia - DEBUG -   Groupe: CINPM, effectif: 28
2025-04-07 10:39:44,816 - edt-ingemedia - DEBUG -   Groupe: CDE, effectif: 34
2025-04-07 10:39:44,818 - edt-ingemedia - DEBUG - CM 9: Création avec 3 groupes
2025-04-07 10:39:44,818 - edt-ingemedia - DEBUG -   Groupe: DASI, effectif: 22
2025-04-07 10:39:44,818 - edt-ingemedia - DEBUG -   Groupe: CINPM, effectif: 28
2025-04-07 10:39:44,819 - edt-ingemedia - DEBUG -   Groupe: CDE, effectif: 34
2025-04-07 10:39:44,819 - edt-ingemedia - DEBUG - CM 11: Création avec 3 groupes
2025-04-07 10:39:44,820 - edt-ingemedia - DEBUG -   Groupe: DASI, effectif: 22
2025-04-07 10:39:44,820 - edt-ingemedia - DEBUG -   Groupe: CINPM, effectif: 28
2025-04-07 10:39:44,820 - edt-ingemedia - DEBUG -   Groupe: CDE, effectif: 34
2025-04-07 10:39:44,820 - edt-ingemedia - DEBUG - CM 12: Création avec 3 groupes
2025-04-07 10:39:44,820 - edt-ingemedia - DEBUG -   Groupe: DASI, effectif: 22
2025-04-07 10:39:44,820 - edt-ingemedia - DEBUG -   Groupe: CINPM, effectif: 28
2025-04-07 10:39:44,820 - edt-ingemedia - DEBUG -   Groupe: CDE, effectif: 34
2025-04-07 10:39:44,821 - edt-ingemedia - DEBUG - CM 13: Création avec 3 groupes
2025-04-07 10:39:44,821 - edt-ingemedia - DEBUG -   Groupe: DASI, effectif: 22
2025-04-07 10:39:44,821 - edt-ingemedia - DEBUG -   Groupe: CINPM, effectif: 28
2025-04-07 10:39:44,821 - edt-ingemedia - DEBUG -   Groupe: CDE, effectif: 34
